<?xml version="1.0" encoding="UTF-8"?>
<testsuite name="com.dis.recipe.MainTests" tests="1" skipped="0" failures="0" errors="0" timestamp="2024-06-06T10:35:15" hostname="rasmusbak" time="0.745">
  <properties/>
  <testcase name="contextLoads()" classname="com.dis.recipe.MainTests" time="0.745"/>
  <system-out><![CDATA[12:35:15.065 [Test worker] INFO org.springframework.test.context.support.AnnotationConfigContextLoaderUtils -- Could not detect default configuration classes for test class [com.dis.recipe.MainTests]: MainTests does not declare any static, non-private, non-final, nested classes annotated with @Configuration.
12:35:15.132 [Test worker] INFO org.springframework.boot.test.context.SpringBootTestContextBootstrapper -- Found @SpringBootConfiguration com.dis.recipe.Main for test class com.dis.recipe.MainTests

  .   ____          _            __ _ _
 /\\ / ___'_ __ _ _(_)_ __  __ _ \ \ \ \
( ( )\___ | '_ | '_| | '_ \/ _` | \ \ \ \
 \\/  ___)| |_)| | | | | || (_| |  ) ) ) )
  '  |____| .__|_| |_|_| |_\__, | / / / /
 =========|_|==============|___/=/_/_/_/
 :: Spring Boot ::                (v3.2.5)

2024-06-06T12:35:15.431+02:00  INFO 12884 --- [recipe] [    Test worker] com.dis.recipe.MainTests                 : Starting MainTests using Java 21.0.2 with PID 12884 (started by rasmusbak in /home/rasmusbak/Documents/Skole/dis/RecipeDIS/recipe-api)
2024-06-06T12:35:15.432+02:00  INFO 12884 --- [recipe] [    Test worker] com.dis.recipe.MainTests                 : No active profile set, falling back to 1 default profile: "default"
2024-06-06T12:35:15.830+02:00  INFO 12884 --- [recipe] [    Test worker] com.dis.recipe.MainTests                 : Started MainTests in 0.591 seconds (process running for 1.385)
]]></system-out>
  <system-err><![CDATA[WARNING: A Java agent has been loaded dynamically (/home/rasmusbak/.gradle/caches/modules-2/files-2.1/net.bytebuddy/byte-buddy-agent/1.14.13/979ce25f7d3096a2e82214ba7dc972a05ce7a171/byte-buddy-agent-1.14.13.jar)
WARNING: If a serviceability tool is in use, please run with -XX:+EnableDynamicAgentLoading to hide this warning
WARNING: If a serviceability tool is not in use, please run with -Djdk.instrument.traceUsage for more information
WARNING: Dynamic loading of agents will be disallowed by default in a future release
]]></system-err>
</testsuite>
